<?xml version="1.0" encoding="UTF-8"?>
<!-- Generated by org.testng.reporters.JUnitReportReporter -->
<testsuite skipped="0" hostname="Lenovo-PC" name="cases.TestBaidu" tests="3" failures="0" timestamp="20 五月 2019 07:51:53 GMT" time="24.792" errors="0">
  <testcase name="browser" time="10.745" classname="cases.TestBaidu"/>
  <testcase name="browser" time="5.476" classname="cases.TestBaidu"/>
  <testcase name="browser" time="8.571" classname="cases.TestBaidu"/>
</testsuite> <!-- cases.TestBaidu -->
