<?xml version="1.0" encoding="UTF-8"?>
<!-- Generated by org.testng.reporters.JUnitReportReporter -->
<testsuite skipped="0" hostname="Lenovo-PC" name="cases.TestBaidu2" tests="1" failures="0" timestamp="20 五月 2019 07:46:33 GMT" time="5.797" errors="0">
  <testcase name="browser" time="5.797" classname="cases.TestBaidu2"/>
</testsuite> <!-- cases.TestBaidu2 -->
